[2025-12-22 18:22:00] INFO: Starting new scrape session...
[2025-12-22 18:22:00] INFO: Starting Kiryuu Scrape (Pages: 1, Download Images: No)
[2025-12-22 18:22:01] INFO: Found 30 manga items to process
[2025-12-22 18:22:01] INFO: Processing [1/30]: Sword Devouring Swordmaster
[2025-12-22 18:22:09] INFO: Found 7 chapters
[2025-12-22 18:22:10] INFO: Success: Sword Devouring Swordmaster
[2025-12-22 18:22:12] INFO: Processing [2/30]: Uso Kara Deta Makoto
[2025-12-22 18:22:20] INFO: Found 1 chapters
[2025-12-22 18:22:20] INFO: Success: Uso kara Deta Makoto
[2025-12-22 18:22:22] INFO: Processing [3/30]: Get Some Honey By Copying Skills
[2025-12-22 18:22:33] INFO: Found 1 chapters
[2025-12-22 18:22:33] INFO: Success: Get Some Honey by Copying Skills
[2025-12-22 18:22:35] INFO: Processing [4/30]: Archmage Curriculum
[2025-12-22 18:23:13] INFO: Found 8 chapters
[2025-12-22 18:23:14] INFO: Success: Archmage Curriculum
[2025-12-22 18:23:16] INFO: Processing [5/30]: Reverse Villain
[2025-12-22 18:23:45] INFO: Found 82 chapters
[2025-12-22 18:23:46] INFO: Success: Reverse Villain
[2025-12-22 18:23:48] INFO: Processing [6/30]: Project Sekai Colorful Stage Feat Hatsune Miku Comic Anthology
[2025-12-22 18:24:01] INFO: Found 2 chapters
[2025-12-22 18:24:02] INFO: Success: Project SEKAI COLORFUL STAGE! feat. Hatsune Miku Comic Anthology
[2025-12-22 18:24:04] INFO: Processing [7/30]: The Princess Goes To School
[2025-12-22 18:24:38] INFO: Found 4 chapters
[2025-12-22 18:24:39] INFO: Success: The Princess Goes to School
[2025-12-22 18:24:41] INFO: Processing [8/30]: The Youngest Hides Way Too Much
[2025-12-22 18:25:01] INFO: Found 14 chapters
[2025-12-22 18:25:02] INFO: Success: The Youngest Hides Way Too Much
[2025-12-22 18:25:04] INFO: Processing [9/30]: Seikatsu Mahoutsukai No Gekokujou
[2025-12-22 18:25:12] INFO: Found 7 chapters
[2025-12-22 18:25:12] INFO: Success: Seikatsu Mahoutsukai no Gekokujou
[2025-12-22 18:25:14] INFO: Processing [10/30]: Ketsuen No Jiya
[2025-12-22 18:25:23] INFO: Found 15 chapters
[2025-12-22 18:25:23] INFO: Success: Ketsuen no Jiya
[2025-12-22 18:25:25] INFO: Processing [11/30]: Achilles
[2025-12-22 18:25:36] INFO: Found 6 chapters
[2025-12-22 18:25:37] INFO: Success: Achilles
[2025-12-22 18:25:39] INFO: Processing [12/30]: Kimi Wa Shuumatsu
[2025-12-22 18:25:55] INFO: Found 1 chapters
[2025-12-22 18:25:56] INFO: Success: Kimi wa Shuumatsu
[2025-12-22 18:25:58] INFO: Processing [13/30]: Fantasy Induction Center
[2025-12-22 18:26:12] INFO: Found 5 chapters
[2025-12-22 18:26:12] INFO: Success: Fantasy Enlistment Squad
[2025-12-22 18:26:14] INFO: Processing [14/30]: Zenmetsu End O Shi Ni Monogurui De Kaihi Shita Party Ga Yanda
[2025-12-22 18:26:24] INFO: Found 2 chapters
[2025-12-22 18:26:24] INFO: Success: Zenmetsu End o Shi ni Monogurui de Kaihi Shita. Party ga Yanda.
[2025-12-22 18:26:26] INFO: Processing [15/30]: Genkai Jk Kirimi San Juuni Sai
[2025-12-22 18:26:44] INFO: Found 2 chapters
[2025-12-22 18:26:44] INFO: Success: Genkai JK Kirimi-san Juuni-sai
[2025-12-22 18:26:46] INFO: Processing [16/30]: A Wimps Strategy Guide To Conquer The Tower
[2025-12-22 18:26:54] INFO: Found 7 chapters
[2025-12-22 18:26:54] INFO: Success: A Wimp's Strategy Guide to Conquer the Tower
[2025-12-22 18:26:56] INFO: Processing [17/30]: Bill The Blacksmith
[2025-12-22 18:27:05] INFO: Found 6 chapters
[2025-12-22 18:27:05] INFO: Success: Bill The Blacksmith
[2025-12-22 18:27:07] INFO: Processing [18/30]: The Story Of How The Girl Of My Dreams Was A Stalker
[2025-12-22 18:27:17] INFO: Found 6 chapters
[2025-12-22 18:27:18] INFO: Success: The Story of How the Girl of My Dreams Was a Stalker
[2025-12-22 18:27:20] INFO: Processing [19/30]: Kusozako Choroin Nishiga Hachi
[2025-12-22 18:27:30] INFO: Found 3 chapters
[2025-12-22 18:27:30] INFO: Success: Kusozako Choroin Nishiga Hachi
[2025-12-22 18:27:32] INFO: Processing [20/30]: Kusozako Choroin Nishiga Hachi Pre Serialization
[2025-12-22 18:27:45] INFO: Found 1 chapters
[2025-12-22 18:27:46] INFO: Success: Kusozako Choroin Nishiga Hachi (Pre-serialization)
[2025-12-22 18:27:48] INFO: Processing [21/30]: Kigahayai Daigaku No Kouhai Kanojo
[2025-12-22 18:27:57] INFO: Found 7 chapters
[2025-12-22 18:27:57] INFO: Success: Kigahayai Daigaku no Kouhai Kanojo
[2025-12-22 18:27:59] INFO: Processing [22/30]: Ijime No Shikaeshi Wa Sensei Ni Omakase
[2025-12-22 18:28:08] INFO: Found 2 chapters
[2025-12-22 18:28:09] INFO: Success: Ijime no Shikaeshi wa Sensei ni Omakase
[2025-12-22 18:28:11] INFO: Processing [23/30]: Gyaru No Jitensha O Naoshitara Natsukareta
[2025-12-22 18:28:21] INFO: Found 4 chapters
[2025-12-22 18:28:22] INFO: Success: Gyaru no Jitensha o Naoshitara Natsukareta
[2025-12-22 18:28:24] INFO: Processing [24/30]: Joshi Koukousei No Nichijou Daily Lives Of High School Girls
[2025-12-22 18:28:46] INFO: Found 1 chapters
[2025-12-22 18:28:47] INFO: Success: Joshi Koukousei no Nichijou Daily Lives of High School Girls
[2025-12-22 18:28:49] INFO: Processing [25/30]: Gokugoku Futsuu No Fuufu No Hanashi
[2025-12-22 18:29:01] INFO: Found 3 chapters
[2025-12-22 18:29:02] INFO: Success: Gokugoku Futsuu no Fuufu no Hanashi
[2025-12-22 18:29:04] INFO: Processing [26/30]: Jussai No Saikyou Madoushi
[2025-12-22 18:29:18] INFO: Found 7 chapters
[2025-12-22 18:29:19] INFO: Success: Jussai no Saikyou Madoushi
[2025-12-22 18:29:21] INFO: Processing [27/30]: I Single Handedly Crush The Chaotic World
[2025-12-22 18:29:37] INFO: Found 18 chapters
[2025-12-22 18:29:37] INFO: Success: I Single-Handedly Crush the Chaotic World
[2025-12-22 18:29:39] INFO: Processing [28/30]: The Reincarnated Chefs Colorful Culinary Notes Welcome To The Otherworldly Delicatessen
[2025-12-22 18:30:00] INFO: Found 2 chapters
[2025-12-22 18:30:00] INFO: Success: The Reincarnated Chef's Colorful Culinary Notes: Welcome to the Otherworldly Delicatessen
[2025-12-22 18:30:02] INFO: Processing [29/30]: The Eight Empresses Betrayed Me Only To Deeply Regret It After Being Reborn
[2025-12-22 18:30:14] INFO: Found 2 chapters
[2025-12-22 18:30:15] INFO: Success: The Eight Empresses Betrayed Me, Only to Deeply Regret It After Being Reborn
[2025-12-22 18:30:17] INFO: Processing [30/30]: The Vehement Emperor Of Steel
[2025-12-22 18:30:55] INFO: Found 21 chapters
[2025-12-22 18:30:55] INFO: Success: The Vehement Emperor of Steel
[2025-12-22 18:30:57] INFO: Scrape session completed. Total: 30
